<?xml version="1.0" encoding="UTF-8"?>
<!-- Generated by org.testng.reporters.JUnitXMLReporter -->
<testsuite hostname="DineshPriya-PC" name="Test" tests="1" failures="1" timestamp="19 Sep 2018 02:55:59 GMT" time="39.454" errors="0">
  <testcase name="tc" time="28.05" classname="testCases.HomePageTest">
    <failure type="java.lang.AssertionError" message="null">
      <![CDATA[java.lang.AssertionError: null
	at testCases.HomePageTest.tc(HomePageTest.java:24)
... Removed 26 stack frames]]>
    </failure>
  </testcase> <!-- tc -->
</testsuite> <!-- Test -->
