<?xml version="1.0" encoding="UTF-8"?>
<testng-results skipped="0" failed="1" total="1" passed="0">
  <reporter-output>
    <line>
      <![CDATA[Books List: The Power of your Subconscious Mind]]>
    </line>
    <line>
      <![CDATA[Books List: Think and Grow Rich]]>
    </line>
    <line>
      <![CDATA[Books List: Attitude Is Everything: Change Your Attitude Change Your Life!]]>
    </line>
    <line>
      <![CDATA[Books List: The Subtle Art of Not Giving a F*ck]]>
    </line>
    <line>
      <![CDATA[Books List: Rich Dad Poor Dad: What the Rich Teach their Kids About Money that the Poor and Middle Class Do Not! (With Updates for Today's World)]]>
    </line>
    <line>
      <![CDATA[Books List: The Monk Who Sold His Ferrari]]>
    </line>
    <line>
      <![CDATA[Books List: Who Will Cry When You Die?]]>
    </line>
    <line>
      <![CDATA[Books List: General Knowledge 2019]]>
    </line>
    <line>
      <![CDATA[Books List: The Theory of Everything]]>
    </line>
    <line>
      <![CDATA[Books List: How to Win Friends and Influence People]]>
    </line>
    <line>
      <![CDATA[Books List: Three Thousand Stitches: Ordinary People, Extraordinary Lives]]>
    </line>
    <line>
      <![CDATA[Books List: I Will Teach You Excel: Master Excel, Surpass Your Co-Workers, And Impress Your Boss!]]>
    </line>
    <line>
      <![CDATA[Books List: The Girl in Room 105]]>
    </line>
    <line>
      <![CDATA[Books List: Mein Kampf]]>
    </line>
    <line>
      <![CDATA[Books List: Inner Engineering: A Yogi’s Guide to Joy]]>
    </line>
    <line>
      <![CDATA[Books List: The Alchemist]]>
    </line>
    <line>
      <![CDATA[Book List Printed as Expected - TC Failed]]>
    </line>
  </reporter-output>
  <suite name="Suite" duration-ms="39454" started-at="2018-09-19T02:55:19Z" finished-at="2018-09-19T02:55:59Z">
    <groups>
    </groups>
    <test name="Test" duration-ms="39454" started-at="2018-09-19T02:55:19Z" finished-at="2018-09-19T02:55:59Z">
      <class name="testCases.HomePageTest">
        <test-method status="PASS" signature="browser()[pri:0, instance:testCases.HomePageTest@33ce2c]" name="browser" is-config="true" duration-ms="11183" started-at="2018-09-19T08:25:19Z" finished-at="2018-09-19T08:25:31Z">
          <reporter-output>
          </reporter-output>
        </test-method> <!-- browser -->
        <test-method status="FAIL" signature="tc()[pri:0, instance:testCases.HomePageTest@33ce2c]" name="tc" duration-ms="28050" started-at="2018-09-19T08:25:31Z" finished-at="2018-09-19T08:25:59Z">
          <exception class="java.lang.AssertionError">
            <message>
              <![CDATA[null]]>
            </message>
            <full-stacktrace>
              <![CDATA[java.lang.AssertionError: null
	at org.testng.Assert.fail(Assert.java:94)
	at org.testng.Assert.fail(Assert.java:101)
	at testCases.HomePageTest.tc(HomePageTest.java:24)
	at sun.reflect.NativeMethodAccessorImpl.invoke0(Native Method)
	at sun.reflect.NativeMethodAccessorImpl.invoke(Unknown Source)
	at sun.reflect.DelegatingMethodAccessorImpl.invoke(Unknown Source)
	at java.lang.reflect.Method.invoke(Unknown Source)
	at org.testng.internal.MethodInvocationHelper.invokeMethod(MethodInvocationHelper.java:86)
	at org.testng.internal.Invoker.invokeMethod(Invoker.java:645)
	at org.testng.internal.Invoker.invokeTestMethod(Invoker.java:822)
	at org.testng.internal.Invoker.invokeTestMethods(Invoker.java:1130)
	at org.testng.internal.TestMethodWorker.invokeTestMethods(TestMethodWorker.java:129)
	at org.testng.internal.TestMethodWorker.run(TestMethodWorker.java:112)
	at org.testng.TestRunner.privateRun(TestRunner.java:782)
	at org.testng.TestRunner.run(TestRunner.java:632)
	at org.testng.SuiteRunner.runTest(SuiteRunner.java:366)
	at org.testng.SuiteRunner.runSequentially(SuiteRunner.java:361)
	at org.testng.SuiteRunner.privateRun(SuiteRunner.java:319)
	at org.testng.SuiteRunner.run(SuiteRunner.java:268)
	at org.testng.SuiteRunnerWorker.runSuite(SuiteRunnerWorker.java:52)
	at org.testng.SuiteRunnerWorker.run(SuiteRunnerWorker.java:86)
	at org.testng.TestNG.runSuitesSequentially(TestNG.java:1244)
	at org.testng.TestNG.runSuitesLocally(TestNG.java:1169)
	at org.testng.TestNG.run(TestNG.java:1064)
	at org.testng.remote.RemoteTestNG.run(RemoteTestNG.java:113)
	at org.testng.remote.RemoteTestNG.initAndRun(RemoteTestNG.java:206)
	at org.testng.remote.RemoteTestNG.main(RemoteTestNG.java:177)
]]>
            </full-stacktrace>
          </exception> <!-- java.lang.AssertionError -->
          <reporter-output>
            <line>
              <![CDATA[Books List: The Power of your Subconscious Mind]]>
            </line>
            <line>
              <![CDATA[Books List: Think and Grow Rich]]>
            </line>
            <line>
              <![CDATA[Books List: Attitude Is Everything: Change Your Attitude Change Your Life!]]>
            </line>
            <line>
              <![CDATA[Books List: The Subtle Art of Not Giving a F*ck]]>
            </line>
            <line>
              <![CDATA[Books List: Rich Dad Poor Dad: What the Rich Teach their Kids About Money that the Poor and Middle Class Do Not! (With Updates for Today's World)]]>
            </line>
            <line>
              <![CDATA[Books List: The Monk Who Sold His Ferrari]]>
            </line>
            <line>
              <![CDATA[Books List: Who Will Cry When You Die?]]>
            </line>
            <line>
              <![CDATA[Books List: General Knowledge 2019]]>
            </line>
            <line>
              <![CDATA[Books List: The Theory of Everything]]>
            </line>
            <line>
              <![CDATA[Books List: How to Win Friends and Influence People]]>
            </line>
            <line>
              <![CDATA[Books List: Three Thousand Stitches: Ordinary People, Extraordinary Lives]]>
            </line>
            <line>
              <![CDATA[Books List: I Will Teach You Excel: Master Excel, Surpass Your Co-Workers, And Impress Your Boss!]]>
            </line>
            <line>
              <![CDATA[Books List: The Girl in Room 105]]>
            </line>
            <line>
              <![CDATA[Books List: Mein Kampf]]>
            </line>
            <line>
              <![CDATA[Books List: Inner Engineering: A Yogi’s Guide to Joy]]>
            </line>
            <line>
              <![CDATA[Books List: The Alchemist]]>
            </line>
            <line>
              <![CDATA[Book List Printed as Expected - TC Failed]]>
            </line>
          </reporter-output>
        </test-method> <!-- tc -->
        <test-method status="PASS" signature="browserclose()[pri:0, instance:testCases.HomePageTest@33ce2c]" name="browserclose" is-config="true" duration-ms="193" started-at="2018-09-19T08:25:59Z" finished-at="2018-09-19T08:25:59Z">
          <reporter-output>
          </reporter-output>
        </test-method> <!-- browserclose -->
      </class> <!-- testCases.HomePageTest -->
    </test> <!-- Test -->
  </suite> <!-- Suite -->
</testng-results>
